#
# A fatal error has been detected by the Java Runtime Environment:
#
#  EXCEPTION_ACCESS_VIOLATION (0xc0000005) at pc=0x0000020c58691066, pid=6264, tid=12040
#
# JRE version: OpenJDK Runtime Environment (11.0.6+10) (build 11.0.6+10)
# Java VM: OpenJDK 64-Bit Server VM (11.0.6+10, mixed mode, tiered, compressed oops, g1 gc, windows-amd64)
# Problematic frame:
# C  [OpenAL64.dll+0x11066]
#
# No core dump will be written. Minidumps are not enabled by default on client versions of Windows
#
# If you would like to submit a bug report, please visit:
#   https://github.com/AdoptOpenJDK/openjdk-support/issues
# The crash happened outside the Java Virtual Machine in native code.
# See problematic frame for where to report the bug.
#

---------------  S U M M A R Y ------------

Command Line: -Dfile.encoding=UTF-8 mygame.PlayGame

Host: Intel(R) Core(TM) i7-7600U CPU @ 2.80GHz, 4 cores, 15G,  Windows 10 , 64 bit Build 19041 (10.0.19041.1023)
Time: Wed Jul 14 16:27:22 2021 Közép-európai nyári idõ  elapsed time: 7 seconds (0d 0h 0m 7s)

---------------  T H R E A D  ---------------

Current thread (0x0000020c560a8800):  JavaThread "jME3 Main" [_thread_in_native, id=12040, stack(0x0000008071e00000,0x0000008071f00000)]

Stack: [0x0000008071e00000,0x0000008071f00000],  sp=0x0000008071efea00,  free space=1018k
Native frames: (J=compiled Java code, j=interpreted, Vv=VM code, C=native code)
C  [OpenAL64.dll+0x11066]

Java frames: (J=compiled Java code, j=interpreted, Vv=VM code)
j  org.lwjgl.openal.ALC10.nalcCreateContext(JJ)J+0
j  org.lwjgl.openal.ALC10.alcCreateContext(Lorg/lwjgl/openal/ALCdevice;Ljava/nio/IntBuffer;)Lorg/lwjgl/openal/ALCcontext;+8
j  org.lwjgl.openal.AL.init(Ljava/lang/String;IIZZ)V+69
j  org.lwjgl.openal.AL.create(Ljava/lang/String;IIZZ)V+246
j  org.lwjgl.openal.AL.create(Ljava/lang/String;IIZ)V+5
j  org.lwjgl.openal.AL.create()V+6
j  com.jme3.audio.lwjgl.LwjglALC.createALC()V+0
j  com.jme3.audio.openal.ALAudioRenderer.initOpenAL()V+16
j  com.jme3.audio.openal.ALAudioRenderer.initialize()V+21
j  com.jme3.app.LegacyApplication.initAudio()V+40
j  com.jme3.app.LegacyApplication.initialize()V+31
j  com.jme3.app.SimpleApplication.initialize()V+1
j  com.jme3.system.lwjgl.LwjglAbstractDisplay.initInThread()Z+97
j  com.jme3.system.lwjgl.LwjglAbstractDisplay.run()V+36
j  java.lang.Thread.run()V+11 java.base@11.0.6
v  ~StubRoutines::call_stub

siginfo: EXCEPTION_ACCESS_VIOLATION (0xc0000005), reading address 0x0000020c53ed5004


Register to memory mapping:

RIP=0x0000020c58691066 OpenAL64.dll
RAX=0x0000000000000004 is an unknown value
RBX=0x0000020c5e440090 points into unknown readable memory: 02 00 00 00 01 00 00 00
RCX=0x0000020c53ed5008 is an unknown value
RDX=0x0000020c53ed5004 is an unknown value
RSP=0x0000008071efea00 is pointing into the stack for thread: 0x0000020c560a8800
RBP=0x00000000000000ff is an unknown value
RSI=0x0000020c53ed47ec points into unknown readable memory: 7e 04 00 00
RDI=0x0 is NULL
R8 =0x0000000000000206 is an unknown value
R9 =0x0000020c53ed47ec points into unknown readable memory: 7e 04 00 00
R10=0x0000020c379df088 is at code_begin+1000 in an Interpreter codelet
method entry point (kind = native)  [0x0000020c379deca0, 0x0000020c379df800]  2912 bytes
R11=0x00000007030bce40 is an oop: java.lang.Class 
{0x00000007030bce40} - klass: 'java/lang/Class'
R12=0x0000000000000001 is an unknown value
R13={method} {0x0000020c5e2ee3d8} 'nalcCreateContext' '(JJ)J' in 'org/lwjgl/openal/ALC10'
R14=0x0000008071efeba0 is pointing into the stack for thread: 0x0000020c560a8800
R15=0x0000020c560a8800 is a thread


Registers:
RAX=0x0000000000000004, RBX=0x0000020c5e440090, RCX=0x0000020c53ed5008, RDX=0x0000020c53ed5004
RSP=0x0000008071efea00, RBP=0x00000000000000ff, RSI=0x0000020c53ed47ec, RDI=0x0000000000000000
R8 =0x0000000000000206, R9 =0x0000020c53ed47ec, R10=0x0000020c379df088, R11=0x00000007030bce40
R12=0x0000000000000001, R13=0x0000020c5e2ee3d0, R14=0x0000008071efeba0, R15=0x0000020c560a8800
RIP=0x0000020c58691066, EFLAGS=0x0000000000010202

Top of Stack: (sp=0x0000008071efea00)
0x0000008071efea00:   0000020c5583bbe0 0000002800000003
0x0000008071efea10:   0000020c560a8800 0000008071efeba0
0x0000008071efea20:   0000020c5e2ee3d0 00007ffb1d995aa9
0x0000008071efea30:   0000000000000010 0000000000002998
0x0000008071efea40:   0000020c560a8800 0000020c560a8800
0x0000008071efea50:   0000008071eff4b0 00007ffb1db7efb3
0x0000008071efea60:   0000008071efea80 0000020c560a8800
0x0000008071efea70:   0000020c560a8800 0000008071efeba0
0x0000008071efea80:   0000020c5e2ee3d0 0000000000000000
0x0000008071efea90:   0000020c53ed47ec 0000000000002998
0x0000008071efeaa0:   0000008071efeb68 0000020c5869248f
0x0000008071efeab0:   0000020c5e440090 0000020c5e440090
0x0000008071efeac0:   0000020c0000ac44 0000020c00000004
0x0000008071efead0:   0000000000000010 0000020c379df0b7
0x0000008071efeae0:   0000020c5e2ee3d0 0000020c379ded9c
0x0000008071efeaf0:   0000020c560a8800 0000020c5e2ee3d0 

Instructions: (pc=0x0000020c58691066)
0x0000020c58690f66:   b0 00 00 00 0f ba a3 fc 00 00 00 1f 44 89 9c 24
0x0000020c58690f76:   b0 00 00 00 73 15 48 8b 83 f8 61 01 00 48 8b cb
0x0000020c58690f86:   ff 50 20 44 8b 9c 24 b0 00 00 00 0f ba b3 fc 00
0x0000020c58690f96:   00 00 1f 44 89 7b 38 44 89 6b 44 44 89 73 48 e9
0x0000020c58690fa6:   56 01 00 00 83 3d 4f 94 04 00 02 0f 8c 8e fe ff
0x0000020c58690fb6:   ff 4c 8d 05 a2 2c 03 00 e9 6f fe ff ff 48 3b d7
0x0000020c58690fc6:   0f 84 3f 01 00 00 39 3a 0f 84 37 01 00 00 0f ba
0x0000020c58690fd6:   a1 fc 00 00 00 1f 73 0a 48 8b 81 f8 61 01 00 ff
0x0000020c58690fe6:   50 20 8b 43 38 0f ba b3 fc 00 00 00 1f 8b 6b 64
0x0000020c58690ff6:   44 8b 63 68 89 84 24 c0 00 00 00 8b 43 6c 89 84
0x0000020c58691006:   24 c8 00 00 00 4c 8b c7 39 3e 74 58 48 8b d6 48
0x0000020c58691016:   8d 4e 04 81 3a 07 10 00 00 75 10 8b 01 83 8b fc
0x0000020c58691026:   00 00 00 02 89 84 24 c0 00 00 00 81 3a 11 10 00
0x0000020c58691036:   00 75 10 8b 6b 5c 44 8b 21 44 3b e5 44 0f 47 e5
0x0000020c58691046:   41 2b ec 81 3a 03 00 02 00 75 09 8b 01 89 84 24
0x0000020c58691056:   c8 00 00 00 49 83 c0 02 48 83 c1 08 4a 8d 14 86
0x0000020c58691066:   39 3a 75 af 4c 8d 84 24 c0 00 00 00 48 8d 15 d7
0x0000020c58691076:   2b 03 00 33 c9 e8 58 5f 00 00 b8 40 1f 00 00 4c
0x0000020c58691086:   8d 84 24 c8 00 00 00 39 84 24 c0 00 00 00 48 8d
0x0000020c58691096:   15 e9 2b 03 00 0f 47 84 24 c0 00 00 00 33 c9 89
0x0000020c586910a6:   84 24 c0 00 00 00 e8 27 5f 00 00 8b 43 3c 44 8b
0x0000020c586910b6:   84 24 c0 00 00 00 8b 4b 38 41 bb 04 00 00 00 44
0x0000020c586910c6:   39 9c 24 c8 00 00 00 44 0f 42 9c 24 c8 00 00 00
0x0000020c586910d6:   33 d2 44 89 9c 24 c8 00 00 00 49 0f af c0 48 f7
0x0000020c586910e6:   f1 89 43 3c f6 05 43 b6 04 00 01 74 09 83 c0 03
0x0000020c586910f6:   83 e0 fc 89 43 3c 44 89 43 38 44 89 5b 6c 44 89
0x0000020c58691106:   63 68 89 6b 64 44 8b 9b fc 00 00 00 41 0f ba e3
0x0000020c58691116:   1f 0f 82 6a 05 00 00 44 8b 6b 38 8b 6b 44 44 8b
0x0000020c58691126:   63 48 41 bf 03 00 00 00 48 8d 35 5b 2b 03 00 4c
0x0000020c58691136:   8d 35 80 dc 02 00 44 39 3d bd 92 04 00 0f 8c 81
0x0000020c58691146:   00 00 00 4c 8d 15 88 28 03 00 4c 8d 35 f5 2a 03
0x0000020c58691156:   00 41 f6 c3 02 4d 8b ca 41 8b cc 4d 0f 45 ce e8 


Stack slot to memory mapping:
stack at sp + 0 slots: 0x0000020c5583bbe0 points into unknown readable memory: 6a 61 76 61 2e 6c 61 6e
stack at sp + 1 slots: 0x0000002800000003 is an unknown value
stack at sp + 2 slots: 0x0000020c560a8800 is a thread
stack at sp + 3 slots: 0x0000008071efeba0 is pointing into the stack for thread: 0x0000020c560a8800
stack at sp + 4 slots: {method} {0x0000020c5e2ee3d8} 'nalcCreateContext' '(JJ)J' in 'org/lwjgl/openal/ALC10'
stack at sp + 5 slots: 0x00007ffb1d995aa9 jvm.dll
stack at sp + 6 slots: 0x0000000000000010 is an unknown value
stack at sp + 7 slots: 0x0000000000002998 is an unknown value


---------------  P R O C E S S  ---------------

Threads class SMR info:
_java_thread_list=0x0000020c53eca450, length=17, elements={
0x0000020c52d27800, 0x0000020c52d2b000, 0x0000020c53639800, 0x0000020c5363a800,
0x0000020c5363d800, 0x0000020c53645000, 0x0000020c5364a800, 0x0000020c537b3000,
0x0000020c537bf000, 0x0000020c53d95000, 0x0000020c53d7b000, 0x0000020c53d82000,
0x0000020c53e22800, 0x0000020c561f4800, 0x0000020c560a8800, 0x0000020c2f2b0800,
0x0000020c540ae800
}

Java Threads: ( => current thread )
  0x0000020c52d27800 JavaThread "Reference Handler" daemon [_thread_blocked, id=9204, stack(0x0000008071000000,0x0000008071100000)]
  0x0000020c52d2b000 JavaThread "Finalizer" daemon [_thread_blocked, id=13376, stack(0x0000008071100000,0x0000008071200000)]
  0x0000020c53639800 JavaThread "Signal Dispatcher" daemon [_thread_blocked, id=11228, stack(0x0000008071200000,0x0000008071300000)]
  0x0000020c5363a800 JavaThread "Attach Listener" daemon [_thread_blocked, id=5336, stack(0x0000008071300000,0x0000008071400000)]
  0x0000020c5363d800 JavaThread "C2 CompilerThread0" daemon [_thread_blocked, id=5056, stack(0x0000008071400000,0x0000008071500000)]
  0x0000020c53645000 JavaThread "C1 CompilerThread0" daemon [_thread_blocked, id=13688, stack(0x0000008071500000,0x0000008071600000)]
  0x0000020c5364a800 JavaThread "Sweeper thread" daemon [_thread_blocked, id=5604, stack(0x0000008071600000,0x0000008071700000)]
  0x0000020c537b3000 JavaThread "Service Thread" daemon [_thread_blocked, id=13156, stack(0x0000008071700000,0x0000008071800000)]
  0x0000020c537bf000 JavaThread "Common-Cleaner" daemon [_thread_blocked, id=10636, stack(0x0000008071900000,0x0000008071a00000)]
  0x0000020c53d95000 JavaThread "Java2D Disposer" daemon [_thread_blocked, id=1128, stack(0x0000008071a00000,0x0000008071b00000)]
  0x0000020c53d7b000 JavaThread "AWT-Shutdown" [_thread_blocked, id=8760, stack(0x0000008071b00000,0x0000008071c00000)]
  0x0000020c53d82000 JavaThread "AWT-Windows" daemon [_thread_in_native, id=5032, stack(0x0000008071c00000,0x0000008071d00000)]
  0x0000020c53e22800 JavaThread "AWT-EventQueue-0" [_thread_blocked, id=9044, stack(0x0000008071d00000,0x0000008071e00000)]
  0x0000020c561f4800 JavaThread "TimerQueue" daemon [_thread_blocked, id=6392, stack(0x0000008072400000,0x0000008072500000)]
=>0x0000020c560a8800 JavaThread "jME3 Main" [_thread_in_native, id=12040, stack(0x0000008071e00000,0x0000008071f00000)]
  0x0000020c2f2b0800 JavaThread "DestroyJavaVM" [_thread_blocked, id=6188, stack(0x0000008070900000,0x0000008070a00000)]
  0x0000020c540ae800 JavaThread "C2 CompilerThread1" daemon [_thread_blocked, id=1920, stack(0x0000008072800000,0x0000008072900000)]

Other Threads:
  0x0000020c52d51800 VMThread "VM Thread" [stack: 0x0000008070f00000,0x0000008071000000] [id=7496]
  0x0000020c537ba000 WatcherThread [stack: 0x0000008071800000,0x0000008071900000] [id=9688]
  0x0000020c2f2ca800 GCTaskThread "GC Thread#0" [stack: 0x0000008070a00000,0x0000008070b00000] [id=11864]
  0x0000020c53d8f000 GCTaskThread "GC Thread#1" [stack: 0x0000008072000000,0x0000008072100000] [id=7804]
  0x0000020c55876800 GCTaskThread "GC Thread#2" [stack: 0x0000008072100000,0x0000008072200000] [id=6268]
  0x0000020c55416000 GCTaskThread "GC Thread#3" [stack: 0x0000008072200000,0x0000008072300000] [id=12060]
  0x0000020c2f329000 ConcurrentGCThread "G1 Main Marker" [stack: 0x0000008070b00000,0x0000008070c00000] [id=10100]
  0x0000020c2f32a000 ConcurrentGCThread "G1 Conc#0" [stack: 0x0000008070c00000,0x0000008070d00000] [id=1444]
  0x0000020c2f38e800 ConcurrentGCThread "G1 Refine#0" [stack: 0x0000008070d00000,0x0000008070e00000] [id=6272]
  0x0000020c55859000 ConcurrentGCThread "G1 Refine#1" [stack: 0x0000008072300000,0x0000008072400000] [id=4512]
  0x0000020c52c0e000 ConcurrentGCThread "G1 Young RemSet Sampling" [stack: 0x0000008070e00000,0x0000008070f00000] [id=2152]

Threads with active compile tasks:

VM state:not at safepoint (normal execution)

VM Mutex/Monitor currently owned by a thread: None

Heap address: 0x0000000701e00000, size: 4066 MB, Compressed Oops mode: Zero based, Oop shift amount: 3
Narrow klass base: 0x0000000800000000, Narrow klass shift: 0
Compressed class space size: 1073741824 Address: 0x0000000800000000

Heap:
 garbage-first heap   total 27648K, used 14287K [0x0000000701e00000, 0x0000000800000000)
  region size 1024K, 9 young (9216K), 0 survivors (0K)
 Metaspace       used 23564K, capacity 24117K, committed 24448K, reserved 1071104K
  class space    used 2451K, capacity 2676K, committed 2688K, reserved 1048576K
Heap Regions: E=young(eden), S=young(survivor), O=old, HS=humongous(starts), HC=humongous(continues), CS=collection set, F=free, A=archive, TAMS=top-at-mark-start (previous, next)
|   0|0x0000000701e00000, 0x0000000701f00000, 0x0000000701f00000|100%|HS|  |TAMS 0x0000000701e00000, 0x0000000701e00000| Untracked 
|   1|0x0000000701f00000, 0x0000000701fffff8, 0x0000000702000000| 99%| O|  |TAMS 0x0000000701f00000, 0x0000000701f00000| Untracked 
|   2|0x0000000702000000, 0x00000007020fffe0, 0x0000000702100000| 99%| O|  |TAMS 0x0000000702000000, 0x0000000702000000| Untracked 
|   3|0x0000000702100000, 0x0000000702200000, 0x0000000702200000|100%|HS|  |TAMS 0x0000000702100000, 0x0000000702100000| Untracked 
|   4|0x0000000702200000, 0x0000000702300000, 0x0000000702300000|100%|HC|  |TAMS 0x0000000702200000, 0x0000000702200000| Untracked 
|   5|0x0000000702300000, 0x00000007023ff2b0, 0x0000000702400000| 99%| O|  |TAMS 0x0000000702300000, 0x0000000702300000| Untracked 
|   6|0x0000000702400000, 0x00000007024ed478, 0x0000000702500000| 92%| O|  |TAMS 0x0000000702400000, 0x0000000702400000| Untracked 
|   7|0x0000000702500000, 0x0000000702507540, 0x0000000702600000|  2%| O|  |TAMS 0x0000000702500000, 0x0000000702500000| Untracked 
|   8|0x0000000702600000, 0x0000000702600000, 0x0000000702700000|  0%| F|  |TAMS 0x0000000702600000, 0x0000000702600000| Untracked 
|   9|0x0000000702700000, 0x0000000702700000, 0x0000000702800000|  0%| F|  |TAMS 0x0000000702700000, 0x0000000702700000| Untracked 
|  10|0x0000000702800000, 0x0000000702800000, 0x0000000702900000|  0%| F|  |TAMS 0x0000000702800000, 0x0000000702800000| Untracked 
|  11|0x0000000702900000, 0x0000000702900000, 0x0000000702a00000|  0%| F|  |TAMS 0x0000000702900000, 0x0000000702900000| Untracked 
|  12|0x0000000702a00000, 0x0000000702a00000, 0x0000000702b00000|  0%| F|  |TAMS 0x0000000702a00000, 0x0000000702a00000| Untracked 
|  13|0x0000000702b00000, 0x0000000702b00000, 0x0000000702c00000|  0%| F|  |TAMS 0x0000000702b00000, 0x0000000702b00000| Untracked 
|  14|0x0000000702c00000, 0x0000000702c00000, 0x0000000702d00000|  0%| F|  |TAMS 0x0000000702c00000, 0x0000000702c00000| Untracked 
|  15|0x0000000702d00000, 0x0000000702d00000, 0x0000000702e00000|  0%| F|  |TAMS 0x0000000702d00000, 0x0000000702d00000| Untracked 
|  16|0x0000000702e00000, 0x0000000702e00000, 0x0000000702f00000|  0%| F|  |TAMS 0x0000000702e00000, 0x0000000702e00000| Untracked 
|  17|0x0000000702f00000, 0x0000000702f00000, 0x0000000703000000|  0%| F|  |TAMS 0x0000000702f00000, 0x0000000702f00000| Untracked 
|  18|0x0000000703000000, 0x00000007030cfae8, 0x0000000703100000| 81%| E|  |TAMS 0x0000000703000000, 0x0000000703000000| Complete 
|  19|0x0000000703100000, 0x0000000703200000, 0x0000000703200000|100%| E|CS|TAMS 0x0000000703100000, 0x0000000703100000| Complete 
|  20|0x0000000703200000, 0x0000000703300000, 0x0000000703300000|100%| E|CS|TAMS 0x0000000703200000, 0x0000000703200000| Complete 
|  21|0x0000000703300000, 0x0000000703400000, 0x0000000703400000|100%| E|CS|TAMS 0x0000000703300000, 0x0000000703300000| Complete 
|  22|0x0000000703400000, 0x0000000703500000, 0x0000000703500000|100%| E|  |TAMS 0x0000000703400000, 0x0000000703400000| Complete 
|  23|0x0000000703500000, 0x0000000703600000, 0x0000000703600000|100%| E|CS|TAMS 0x0000000703500000, 0x0000000703500000| Complete 
|  24|0x0000000703600000, 0x0000000703700000, 0x0000000703700000|100%| E|CS|TAMS 0x0000000703600000, 0x0000000703600000| Complete 
|  25|0x0000000703700000, 0x0000000703800000, 0x0000000703800000|100%| E|CS|TAMS 0x0000000703700000, 0x0000000703700000| Complete 
|  26|0x0000000703800000, 0x0000000703900000, 0x0000000703900000|100%| E|CS|TAMS 0x0000000703800000, 0x0000000703800000| Complete 

Card table byte_map: [0x0000020c477f0000,0x0000020c47ff0000] _byte_map_base: 0x0000020c43fe1000

Marking Bits (Prev, Next): (CMBitMap*) 0x0000020c2f3180e8, (CMBitMap*) 0x0000020c2f318120
 Prev Bits: [0x0000020c487f0000, 0x0000020c4c778000)
 Next Bits: [0x0000020c4c780000, 0x0000020c50708000)

Polling page: 0x0000020c2da90000

Metaspace:

Usage:
  Non-class:     20.94 MB capacity,    20.62 MB ( 98%) used,   268.37 KB (  1%) free+waste,    59.50 KB ( <1%) overhead. 
      Class:      2.61 MB capacity,     2.39 MB ( 92%) used,   194.02 KB (  7%) free+waste,    30.38 KB (  1%) overhead. 
       Both:     23.55 MB capacity,    23.01 MB ( 98%) used,   462.38 KB (  2%) free+waste,    89.88 KB ( <1%) overhead. 

Virtual space:
  Non-class space:       22.00 MB reserved,      21.25 MB ( 97%) committed 
      Class space:        1.00 GB reserved,       2.63 MB ( <1%) committed 
             Both:        1.02 GB reserved,      23.88 MB (  2%) committed 

Chunk freelists:
   Non-Class:  127.00 KB
       Class:  12.00 KB
        Both:  139.00 KB

MaxMetaspaceSize: 17179869184.00 GB
CompressedClassSpaceSize: 1.00 GB

CodeHeap 'non-profiled nmethods': size=120064Kb used=665Kb max_used=665Kb free=119398Kb
 bounds [0x0000020c3f490000, 0x0000020c3f700000, 0x0000020c469d0000]
CodeHeap 'profiled nmethods': size=120000Kb used=4138Kb max_used=4138Kb free=115861Kb
 bounds [0x0000020c37f60000, 0x0000020c38370000, 0x0000020c3f490000]
CodeHeap 'non-nmethods': size=5696Kb used=1313Kb max_used=1323Kb free=4382Kb
 bounds [0x0000020c379d0000, 0x0000020c37c40000, 0x0000020c37f60000]
 total_blobs=3394 nmethods=2053 adapters=639
 compilation: enabled
              stopped_count=0, restarted_count=0
 full_count=0

Compilation events (20 events):
Event: 7.478 Thread 0x0000020c53645000 2044       3       java.util.zip.ZipFile$InflaterCleanupAction::<init> (15 bytes)
Event: 7.478 Thread 0x0000020c53645000 nmethod 2044 0x0000020c38366710 code [0x0000020c383668c0, 0x0000020c38366b38]
Event: 7.479 Thread 0x0000020c53645000 2045       3       java.util.jar.JarFile$1::apply (9 bytes)
Event: 7.479 Thread 0x0000020c53645000 nmethod 2045 0x0000020c38366c10 code [0x0000020c38366e00, 0x0000020c38367330]
Event: 7.479 Thread 0x0000020c53645000 2046       3       java.util.jar.JarFile$1::apply (13 bytes)
Event: 7.480 Thread 0x0000020c53645000 nmethod 2046 0x0000020c38367490 code [0x0000020c38367660, 0x0000020c38367a10]
Event: 7.480 Thread 0x0000020c53645000 2047       3       java.util.jar.JarFile$JarFileEntry::<init> (16 bytes)
Event: 7.480 Thread 0x0000020c53645000 nmethod 2047 0x0000020c38367b90 code [0x0000020c38367d60, 0x0000020c38368030]
Event: 7.480 Thread 0x0000020c53645000 2048       3       java.util.jar.JarEntry::<init> (6 bytes)
Event: 7.480 Thread 0x0000020c53645000 nmethod 2048 0x0000020c38368110 code [0x0000020c383682c0, 0x0000020c38368450]
Event: 7.480 Thread 0x0000020c53645000 2049       3       java.util.zip.ZipEntry::<init> (74 bytes)
Event: 7.480 Thread 0x0000020c53645000 nmethod 2049 0x0000020c38368510 code [0x0000020c38368720, 0x0000020c38368d20]
Event: 7.481 Thread 0x0000020c540ae800 2050       4       java.util.Objects::requireNonNull (15 bytes)
Event: 7.481 Thread 0x0000020c53645000 2051   !   3       java.util.zip.ZipFile$CleanableResource::releaseInflater (53 bytes)
Event: 7.481 Thread 0x0000020c540ae800 nmethod 2050 0x0000020c3f535e90 code [0x0000020c3f536020, 0x0000020c3f536078]
Event: 7.481 Thread 0x0000020c53645000 nmethod 2051 0x0000020c38368f10 code [0x0000020c38369100, 0x0000020c38369650]
Event: 7.485 Thread 0x0000020c53645000 2053  s    3       java.util.Vector::addElement (24 bytes)
Event: 7.486 Thread 0x0000020c53645000 nmethod 2053 0x0000020c38369810 code [0x0000020c38369a20, 0x0000020c3836a200]
Event: 7.488 Thread 0x0000020c53645000 2054       3       java.util.concurrent.ConcurrentHashMap::containsKey (14 bytes)
Event: 7.489 Thread 0x0000020c53645000 nmethod 2054 0x0000020c3836a490 code [0x0000020c3836a660, 0x0000020c3836a870]

GC Heap History (6 events):
Event: 0.706 GC heap before
{Heap before GC invocations=0 (full 0):
 garbage-first heap   total 262144K, used 15360K [0x0000000701e00000, 0x0000000800000000)
  region size 1024K, 14 young (14336K), 0 survivors (0K)
 Metaspace       used 15105K, capacity 15518K, committed 15616K, reserved 1062912K
  class space    used 1582K, capacity 1768K, committed 1792K, reserved 1048576K
}
Event: 0.716 GC heap after
{Heap after GC invocations=1 (full 0):
 garbage-first heap   total 262144K, used 4422K [0x0000000701e00000, 0x0000000800000000)
  region size 1024K, 2 young (2048K), 2 survivors (2048K)
 Metaspace       used 15105K, capacity 15518K, committed 15616K, reserved 1062912K
  class space    used 1582K, capacity 1768K, committed 1792K, reserved 1048576K
}
Event: 7.061 GC heap before
{Heap before GC invocations=1 (full 0):
 garbage-first heap   total 262144K, used 11590K [0x0000000701e00000, 0x0000000800000000)
  region size 1024K, 8 young (8192K), 2 survivors (2048K)
 Metaspace       used 19980K, capacity 20433K, committed 20608K, reserved 1067008K
  class space    used 2173K, capacity 2399K, committed 2432K, reserved 1048576K
}
Event: 7.074 GC heap after
{Heap after GC invocations=2 (full 1):
 garbage-first heap   total 27648K, used 7119K [0x0000000701e00000, 0x0000000800000000)
  region size 1024K, 0 young (0K), 0 survivors (0K)
 Metaspace       used 19980K, capacity 20433K, committed 20608K, reserved 1067008K
  class space    used 2173K, capacity 2399K, committed 2432K, reserved 1048576K
}
Event: 7.074 GC heap before
{Heap before GC invocations=2 (full 1):
 garbage-first heap   total 27648K, used 7119K [0x0000000701e00000, 0x0000000800000000)
  region size 1024K, 0 young (0K), 0 survivors (0K)
 Metaspace       used 19980K, capacity 20433K, committed 20608K, reserved 1067008K
  class space    used 2173K, capacity 2399K, committed 2432K, reserved 1048576K
}
Event: 7.086 GC heap after
{Heap after GC invocations=3 (full 2):
 garbage-first heap   total 27648K, used 7119K [0x0000000701e00000, 0x0000000800000000)
  region size 1024K, 0 young (0K), 0 survivors (0K)
 Metaspace       used 19980K, capacity 20433K, committed 20608K, reserved 1067008K
  class space    used 2173K, capacity 2399K, committed 2432K, reserved 1048576K
}

Deoptimization events (20 events):
Event: 7.094 Thread 0x0000020c2f2b0800 Uncommon trap: trap_request=0xffffff4d fr.pc=0x0000020c3f4bf030 relative=0x00000000000001f0
Event: 7.094 Thread 0x0000020c2f2b0800 Uncommon trap: reason=unstable_if action=reinterpret pc=0x0000020c3f4bf030 method=jdk.internal.org.objectweb.asm.Type.getArgumentsAndReturnSizes(Ljava/lang/String;)I @ 88 c2
Event: 7.094 Thread 0x0000020c2f2b0800 DEOPT PACKING pc=0x0000020c3f4bf030 sp=0x00000080709fd010
Event: 7.095 Thread 0x0000020c2f2b0800 DEOPT UNPACKING pc=0x0000020c379f91af sp=0x00000080709fcf98 mode 2
Event: 7.137 Thread 0x0000020c560a8800 DEOPT PACKING pc=0x0000020c37fd60c2 sp=0x0000008071efc9c0
Event: 7.138 Thread 0x0000020c560a8800 DEOPT UNPACKING pc=0x0000020c379f8fce sp=0x0000008071efbe28 mode 0
Event: 7.184 Thread 0x0000020c560a8800 DEOPT PACKING pc=0x0000020c37f90af0 sp=0x0000008071efd180
Event: 7.184 Thread 0x0000020c560a8800 DEOPT UNPACKING pc=0x0000020c379f8fce sp=0x0000008071efc608 mode 0
Event: 7.401 Thread 0x0000020c560a8800 Uncommon trap: trap_request=0xffffffcc fr.pc=0x0000020c3f530e00 relative=0x00000000000002c0
Event: 7.401 Thread 0x0000020c560a8800 Uncommon trap: reason=intrinsic_or_type_checked_inlining action=make_not_entrant pc=0x0000020c3f530e00 method=java.util.Arrays.copyOf([Ljava/lang/Object;ILjava/lang/Class;)[Ljava/lang/Object; @ 35 c2
Event: 7.401 Thread 0x0000020c560a8800 DEOPT PACKING pc=0x0000020c3f530e00 sp=0x0000008071efea90
Event: 7.401 Thread 0x0000020c560a8800 DEOPT UNPACKING pc=0x0000020c379f91af sp=0x0000008071efea38 mode 2
Event: 7.415 Thread 0x0000020c560a8800 Uncommon trap: trap_request=0xffffff4d fr.pc=0x0000020c3f5063f4 relative=0x0000000000000494
Event: 7.415 Thread 0x0000020c560a8800 Uncommon trap: reason=unstable_if action=reinterpret pc=0x0000020c3f5063f4 method=java.lang.AbstractStringBuilder.putStringAt(ILjava/lang/String;)V @ 8 c2
Event: 7.415 Thread 0x0000020c560a8800 DEOPT PACKING pc=0x0000020c3f5063f4 sp=0x0000008071efea90
Event: 7.415 Thread 0x0000020c560a8800 DEOPT UNPACKING pc=0x0000020c379f91af sp=0x0000008071efe998 mode 2
Event: 7.415 Thread 0x0000020c560a8800 Uncommon trap: trap_request=0xffffff4d fr.pc=0x0000020c3f4cfef4 relative=0x00000000000000d4
Event: 7.415 Thread 0x0000020c560a8800 Uncommon trap: reason=unstable_if action=reinterpret pc=0x0000020c3f4cfef4 method=java.lang.String.getBytes([BIB)V @ 5 c2
Event: 7.415 Thread 0x0000020c560a8800 DEOPT PACKING pc=0x0000020c3f4cfef4 sp=0x0000008071efe9c0
Event: 7.415 Thread 0x0000020c560a8800 DEOPT UNPACKING pc=0x0000020c379f91af sp=0x0000008071efe968 mode 2

Classes redefined (0 events):
No events

Internal exceptions (20 events):
Event: 0.479 Thread 0x0000020c53e22800 Exception <a 'java/lang/ClassNotFoundException'{0x000000071141b1d0}: com/sun/swing/internal/plaf/metal/resources/spi/metalProvider> (0x000000071141b1d0) thrown at [c:/cygwin64/tmp/openjdk-jdk11u-windows-x64-hotspot/workspace/build/src/src/hotspot/share/cl
Event: 0.480 Thread 0x0000020c53e22800 Exception <a 'java/lang/ClassNotFoundException'{0x000000071141f440}: com/sun/swing/internal/plaf/basic/resources/spi/basicProvider> (0x000000071141f440) thrown at [c:/cygwin64/tmp/openjdk-jdk11u-windows-x64-hotspot/workspace/build/src/src/hotspot/share/cl
Event: 0.521 Thread 0x0000020c53e22800 Exception <a 'java/lang/NoSuchMethodError'{0x0000000711490400}: 'void java.lang.invoke.DirectMethodHandle$Holder.invokeStaticInit(java.lang.Object)'> (0x0000000711490400) thrown at [c:/cygwin64/tmp/openjdk-jdk11u-windows-x64-hotspot/workspace/build/src/sr
Event: 0.529 Thread 0x0000020c53e22800 Exception <a 'java/lang/NoSuchMethodError'{0x00000007114e0490}: 'java.lang.Object java.lang.invoke.DirectMethodHandle$Holder.invokeStatic(java.lang.Object, java.lang.Object, java.lang.Object, java.lang.Object, java.lang.Object, java.lang.Object, java.lang
Event: 0.531 Thread 0x0000020c53e22800 Exception <a 'java/lang/NoSuchMethodError'{0x00000007114fe390}: 'java.lang.Object java.lang.invoke.DirectMethodHandle$Holder.invokeStatic(java.lang.Object, java.lang.Object, java.lang.Object, java.lang.Object, java.lang.Object, java.lang.Object, java.lang
Event: 0.535 Thread 0x0000020c53e22800 Exception <a 'java/lang/NoSuchMethodError'{0x000000071131d5e0}: 'java.lang.Object java.lang.invoke.DirectMethodHandle$Holder.invokeStatic(java.lang.Object, java.lang.Object, java.lang.Object, java.lang.Object, java.lang.Object, java.lang.Object, java.lang
Event: 0.538 Thread 0x0000020c53e22800 Exception <a 'java/lang/NoSuchMethodError'{0x000000071133d9f8}: 'java.lang.Object java.lang.invoke.DirectMethodHandle$Holder.invokeStatic(java.lang.Object, java.lang.Object, java.lang.Object, java.lang.Object, java.lang.Object, java.lang.Object, java.lang
Event: 0.548 Thread 0x0000020c53e22800 Exception <a 'java/lang/NoSuchMethodError'{0x00000007113b87d0}: 'java.lang.Object java.lang.invoke.DirectMethodHandle$Holder.invokeStatic(java.lang.Object, java.lang.Object, java.lang.Object, java.lang.Object, java.lang.Object, java.lang.Object, java.lang
Event: 0.549 Thread 0x0000020c53e22800 Exception <a 'java/lang/NoSuchMethodError'{0x00000007113c4f20}: 'java.lang.Object java.lang.invoke.DirectMethodHandle$Holder.invokeStatic(java.lang.Object, java.lang.Object, java.lang.Object, java.lang.Object, java.lang.Object, java.lang.Object, java.lang
Event: 0.559 Thread 0x0000020c53e22800 Exception <a 'java/lang/ClassNotFoundException'{0x0000000711218930}: com/sun/java/swing/plaf/windows/resources/spi/windowsProvider> (0x0000000711218930) thrown at [c:/cygwin64/tmp/openjdk-jdk11u-windows-x64-hotspot/workspace/build/src/src/hotspot/share/cl
Event: 0.631 Thread 0x0000020c55786800 Implicit null exception at 0x0000020c3f4da874 to 0x0000020c3f4dad82
Event: 0.910 Thread 0x0000020c53e22800 Exception <a 'java/lang/NoSuchMethodError'{0x0000000711b7ed78}: 'java.lang.Object java.lang.invoke.Invokers$Holder.linkToTargetMethod(java.lang.Object, int, java.lang.Object)'> (0x0000000711b7ed78) thrown at [c:/cygwin64/tmp/openjdk-jdk11u-windows-x64-hot
Event: 7.091 Thread 0x0000020c2f2b0800 Exception <a 'java/lang/ClassNotFoundException'{0x0000000703811318}: sun/util/logging/resources/spi/loggingProvider> (0x0000000703811318) thrown at [c:/cygwin64/tmp/openjdk-jdk11u-windows-x64-hotspot/workspace/build/src/src/hotspot/share/classfile/systemD
Event: 7.414 Thread 0x0000020c560a8800 Exception <a 'java/lang/NoSuchMethodError'{0x0000000703217640}: 'int java.lang.invoke.DirectMethodHandle$Holder.invokeSpecialIFC(java.lang.Object, java.lang.Object, int)'> (0x0000000703217640) thrown at [c:/cygwin64/tmp/openjdk-jdk11u-windows-x64-hotspot/
Event: 7.490 Thread 0x0000020c560a8800 Exception <a 'java/security/PrivilegedActionException'{0x00000007030a11e0}> (0x00000007030a11e0) thrown at [c:/cygwin64/tmp/openjdk-jdk11u-windows-x64-hotspot/workspace/build/src/src/hotspot/share/prims/jvm.cpp, line 1297]
Event: 7.490 Thread 0x0000020c560a8800 Exception <a 'java/security/PrivilegedActionException'{0x00000007030a3990}> (0x00000007030a3990) thrown at [c:/cygwin64/tmp/openjdk-jdk11u-windows-x64-hotspot/workspace/build/src/src/hotspot/share/prims/jvm.cpp, line 1297]
Event: 7.490 Thread 0x0000020c560a8800 Exception <a 'java/security/PrivilegedActionException'{0x00000007030a4948}> (0x00000007030a4948) thrown at [c:/cygwin64/tmp/openjdk-jdk11u-windows-x64-hotspot/workspace/build/src/src/hotspot/share/prims/jvm.cpp, line 1297]
Event: 7.490 Thread 0x0000020c560a8800 Exception <a 'java/security/PrivilegedActionException'{0x00000007030aa1e0}> (0x00000007030aa1e0) thrown at [c:/cygwin64/tmp/openjdk-jdk11u-windows-x64-hotspot/workspace/build/src/src/hotspot/share/prims/jvm.cpp, line 1297]
Event: 7.490 Thread 0x0000020c560a8800 Exception <a 'java/security/PrivilegedActionException'{0x00000007030aada0}> (0x00000007030aada0) thrown at [c:/cygwin64/tmp/openjdk-jdk11u-windows-x64-hotspot/workspace/build/src/src/hotspot/share/prims/jvm.cpp, line 1297]
Event: 7.490 Thread 0x0000020c560a8800 Exception <a 'java/security/PrivilegedActionException'{0x00000007030ab920}> (0x00000007030ab920) thrown at [c:/cygwin64/tmp/openjdk-jdk11u-windows-x64-hotspot/workspace/build/src/src/hotspot/share/prims/jvm.cpp, line 1297]

Events (20 events):
Event: 7.488 loading class com/jme3/audio/Filter
Event: 7.488 loading class com/jme3/audio/Filter done
Event: 7.489 loading class org/lwjgl/openal/AL
Event: 7.489 loading class org/lwjgl/openal/AL done
Event: 7.489 loading class org/lwjgl/LWJGLUtil$3
Event: 7.489 loading class org/lwjgl/LWJGLUtil$3 done
Event: 7.490 loading class java/lang/ClassFormatError
Event: 7.490 loading class java/lang/ClassFormatError done
Event: 7.491 loading class org/lwjgl/openal/AL10
Event: 7.491 loading class org/lwjgl/openal/AL10 done
Event: 7.492 loading class org/lwjgl/openal/ALC10
Event: 7.492 loading class org/lwjgl/openal/ALC10 done
Event: 7.509 loading class org/lwjgl/openal/ALCdevice
Event: 7.509 loading class org/lwjgl/openal/ALCdevice done
Event: 7.510 loading class org/lwjgl/openal/ALCcontext
Event: 7.510 loading class org/lwjgl/openal/ALCcontext done
Event: 7.510 loading class org/lwjgl/openal/Util
Event: 7.510 loading class org/lwjgl/openal/Util done
Event: 7.510 loading class org/lwjgl/openal/OpenALException
Event: 7.510 loading class org/lwjgl/openal/OpenALException done


Dynamic libraries:
0x00007ff77a430000 - 0x00007ff77a43d000 	C:\Program Files\NetBeans-12.0\jmonkeyplatform\jdk\bin\java.exe
0x00007ffb78450000 - 0x00007ffb78645000 	C:\WINDOWS\SYSTEM32\ntdll.dll
0x00007ffb772a0000 - 0x00007ffb7735d000 	C:\WINDOWS\System32\KERNEL32.DLL
0x00007ffb75f90000 - 0x00007ffb76258000 	C:\WINDOWS\System32\KERNELBASE.dll
0x00007ffb75d60000 - 0x00007ffb75e60000 	C:\WINDOWS\System32\ucrtbase.dll
0x00007ffb63540000 - 0x00007ffb63556000 	C:\Program Files\NetBeans-12.0\jmonkeyplatform\jdk\bin\VCRUNTIME140.dll
0x00007ffb624a0000 - 0x00007ffb624b7000 	C:\Program Files\NetBeans-12.0\jmonkeyplatform\jdk\bin\jli.dll
0x00007ffb77360000 - 0x00007ffb77500000 	C:\WINDOWS\System32\USER32.dll
0x00007ffb63ca0000 - 0x00007ffb63f3a000 	C:\WINDOWS\WinSxS\amd64_microsoft.windows.common-controls_6595b64144ccf1df_6.0.19041.1052_none_60b8f8fd71f5e8cb\COMCTL32.dll
0x00007ffb75d30000 - 0x00007ffb75d52000 	C:\WINDOWS\System32\win32u.dll
0x00007ffb77d20000 - 0x00007ffb77dbe000 	C:\WINDOWS\System32\msvcrt.dll
0x00007ffb76ac0000 - 0x00007ffb76aea000 	C:\WINDOWS\System32\GDI32.dll
0x00007ffb75b90000 - 0x00007ffb75c9b000 	C:\WINDOWS\System32\gdi32full.dll
0x00007ffb75e90000 - 0x00007ffb75f2d000 	C:\WINDOWS\System32\msvcp_win.dll
0x00007ffb764c0000 - 0x00007ffb764f0000 	C:\WINDOWS\System32\IMM32.DLL
0x0000020c2dab0000 - 0x0000020c2dac2000 	C:\WINDOWS\System32\umppc13702.dll
0x00007ffb42690000 - 0x00007ffb4272b000 	C:\Program Files\NetBeans-12.0\jmonkeyplatform\jdk\bin\msvcp140.dll
0x00007ffb1d820000 - 0x00007ffb1e2dc000 	C:\Program Files\NetBeans-12.0\jmonkeyplatform\jdk\bin\server\jvm.dll
0x00007ffb766a0000 - 0x00007ffb7674c000 	C:\WINDOWS\System32\ADVAPI32.dll
0x00007ffb77e20000 - 0x00007ffb77ebb000 	C:\WINDOWS\System32\sechost.dll
0x00007ffb76750000 - 0x00007ffb7687b000 	C:\WINDOWS\System32\RPCRT4.dll
0x00007ffb76c20000 - 0x00007ffb76c28000 	C:\WINDOWS\System32\PSAPI.DLL
0x00007ffb60cb0000 - 0x00007ffb60cb9000 	C:\WINDOWS\SYSTEM32\WSOCK32.dll
0x00007ffb76af0000 - 0x00007ffb76b5b000 	C:\WINDOWS\System32\WS2_32.dll
0x00007ffb625b0000 - 0x00007ffb625d7000 	C:\WINDOWS\SYSTEM32\WINMM.dll
0x00007ffb6b2b0000 - 0x00007ffb6b2ba000 	C:\WINDOWS\SYSTEM32\VERSION.dll
0x00007ffb74420000 - 0x00007ffb74432000 	C:\WINDOWS\SYSTEM32\kernel.appcore.dll
0x00007ffb71020000 - 0x00007ffb71030000 	C:\Program Files\NetBeans-12.0\jmonkeyplatform\jdk\bin\verify.dll
0x00007ffb73a70000 - 0x00007ffb73c54000 	C:\WINDOWS\SYSTEM32\DBGHELP.DLL
0x00007ffb56320000 - 0x00007ffb5634c000 	C:\WINDOWS\SYSTEM32\dbgcore.DLL
0x00007ffb75ca0000 - 0x00007ffb75d23000 	C:\WINDOWS\System32\bcryptPrimitives.dll
0x00007ffb63810000 - 0x00007ffb63838000 	C:\Program Files\NetBeans-12.0\jmonkeyplatform\jdk\bin\java.dll
0x00007ffb6f0c0000 - 0x00007ffb6f0d7000 	C:\Program Files\NetBeans-12.0\jmonkeyplatform\jdk\bin\zip.dll
0x00007ffb71010000 - 0x00007ffb7101a000 	C:\Program Files\NetBeans-12.0\jmonkeyplatform\jdk\bin\jimage.dll
0x00007ffb77500000 - 0x00007ffb77c3f000 	C:\WINDOWS\System32\SHELL32.dll
0x00007ffb73c80000 - 0x00007ffb74410000 	C:\WINDOWS\SYSTEM32\windows.storage.dll
0x00007ffb78000000 - 0x00007ffb78355000 	C:\WINDOWS\System32\combase.dll
0x00007ffb75590000 - 0x00007ffb755bc000 	C:\WINDOWS\SYSTEM32\Wldp.dll
0x00007ffb769b0000 - 0x00007ffb76a5e000 	C:\WINDOWS\System32\SHCORE.dll
0x00007ffb77dc0000 - 0x00007ffb77e15000 	C:\WINDOWS\System32\shlwapi.dll
0x00007ffb75ad0000 - 0x00007ffb75aef000 	C:\WINDOWS\SYSTEM32\profapi.dll
0x00007ffb6dfc0000 - 0x00007ffb6dfd9000 	C:\Program Files\NetBeans-12.0\jmonkeyplatform\jdk\bin\net.dll
0x00007ffb6c7d0000 - 0x00007ffb6c8db000 	C:\WINDOWS\SYSTEM32\WINHTTP.dll
0x00007ffb75300000 - 0x00007ffb7536a000 	C:\WINDOWS\system32\mswsock.dll
0x00007ffb6be20000 - 0x00007ffb6be32000 	C:\Program Files\NetBeans-12.0\jmonkeyplatform\jdk\bin\nio.dll
0x00007ffb630d0000 - 0x00007ffb630d9000 	C:\Program Files\NetBeans-12.0\jmonkeyplatform\jdk\bin\prefs.dll
0x00007ffb33a60000 - 0x00007ffb33bf9000 	C:\Program Files\NetBeans-12.0\jmonkeyplatform\jdk\bin\awt.dll
0x00007ffb77c40000 - 0x00007ffb77d0d000 	C:\WINDOWS\System32\OLEAUT32.dll
0x00007ffb710f0000 - 0x00007ffb71180000 	C:\WINDOWS\SYSTEM32\apphelp.dll
0x00007ffb713f0000 - 0x00007ffb7148e000 	C:\WINDOWS\system32\uxtheme.dll
0x00007ffb77180000 - 0x00007ffb77295000 	C:\WINDOWS\System32\MSCTF.dll
0x00007ffb76880000 - 0x00007ffb769aa000 	C:\WINDOWS\System32\ole32.dll
0x00007ffb73410000 - 0x00007ffb7343f000 	C:\WINDOWS\system32\DWMAPI.DLL
0x00007ffb48ba0000 - 0x00007ffb48cc6000 	C:\WINDOWS\system32\opengl32.dll
0x00007ffb48f70000 - 0x00007ffb48f9c000 	C:\WINDOWS\SYSTEM32\GLU32.dll
0x00007ffb3b4e0000 - 0x00007ffb3b562000 	C:\Program Files\NetBeans-12.0\jmonkeyplatform\jdk\bin\freetype.dll
0x00007ffb353a0000 - 0x00007ffb35446000 	C:\Program Files\NetBeans-12.0\jmonkeyplatform\jdk\bin\fontmanager.dll
0x00007ffb6a000000 - 0x00007ffb6a0f9000 	C:\WINDOWS\SYSTEM32\textinputframework.dll
0x00007ffb6fac0000 - 0x00007ffb6fe1e000 	C:\WINDOWS\System32\CoreUIComponents.dll
0x00007ffb70bb0000 - 0x00007ffb70ca2000 	C:\WINDOWS\System32\CoreMessaging.dll
0x00007ffb745a0000 - 0x00007ffb745d3000 	C:\WINDOWS\SYSTEM32\ntmarta.dll
0x00007ffb71680000 - 0x00007ffb717d4000 	C:\WINDOWS\SYSTEM32\wintypes.dll
0x00007ffb2cc40000 - 0x00007ffb2ce9d000 	C:\Users\te332168\Documents\JMonkeyProjects\ArvenarGL\bulletjme.dll
0x0000020c58680000 - 0x0000020c586e4000 	C:\Users\te332168\Documents\JMonkeyProjects\ArvenarGL\OpenAL64.dll
0x0000020c586f0000 - 0x0000020c58743000 	C:\Users\te332168\Documents\JMonkeyProjects\ArvenarGL\lwjgl64.dll
0x00007ffb6c280000 - 0x00007ffb6c32e000 	C:\WINDOWS\SYSTEM32\mscms.dll
0x00007ffb75a90000 - 0x00007ffb75abe000 	C:\WINDOWS\SYSTEM32\USERENV.dll
0x00007ffb6dd30000 - 0x00007ffb6dd41000 	C:\WINDOWS\SYSTEM32\ColorAdapterClient.dll
0x00007ffb76b70000 - 0x00007ffb76c19000 	C:\WINDOWS\System32\clbcatq.dll
0x00007ffb417e0000 - 0x00007ffb41824000 	C:\Windows\System32\Windows.Internal.Graphics.Display.DisplayColorManagement.dll
0x00007ffb76260000 - 0x00007ffb762ae000 	C:\WINDOWS\System32\cfgmgr32.dll
0x00007ffb6dd80000 - 0x00007ffb6de79000 	C:\Windows\System32\AppXDeploymentClient.dll
0x00007ffb1c760000 - 0x00007ffb1d678000 	C:\WINDOWS\System32\DriverStore\FileRepository\igdlh64.inf_amd64_a2d2bce6b74074ef\ig9icd64.dll
0x00007ffb745e0000 - 0x00007ffb746d4000 	C:\WINDOWS\system32\dxgi.dll
0x00007ffb69e60000 - 0x00007ffb69e9b000 	C:\WINDOWS\SYSTEM32\dxcore.dll
0x00007ffb52fa0000 - 0x00007ffb52fe3000 	C:\WINDOWS\SYSTEM32\icm32.dll
0x00007ffb67630000 - 0x00007ffb677d4000 	C:\WINDOWS\System32\DriverStore\FileRepository\igdlh64.inf_amd64_a2d2bce6b74074ef\igdgmm64.dll
0x00007ffb650b0000 - 0x00007ffb674e6000 	C:\WINDOWS\System32\DriverStore\FileRepository\igdlh64.inf_amd64_a2d2bce6b74074ef\igc64.dll
0x00007ffb75620000 - 0x00007ffb7566b000 	C:\WINDOWS\SYSTEM32\powrprof.dll
0x00007ffb755c0000 - 0x00007ffb755d2000 	C:\WINDOWS\SYSTEM32\UMPDC.dll
0x00007ffb6ed50000 - 0x00007ffb6edd5000 	C:\WINDOWS\System32\MMDevApi.dll
0x00007ffb75960000 - 0x00007ffb7598c000 	C:\WINDOWS\System32\DEVOBJ.dll
0x00007ffb41ba0000 - 0x00007ffb41c3c000 	C:\WINDOWS\SYSTEM32\dsound.dll
0x00007ffb44f70000 - 0x00007ffb44f96000 	C:\WINDOWS\SYSTEM32\winmmbase.dll
0x00007ffb6f110000 - 0x00007ffb6f291000 	C:\WINDOWS\SYSTEM32\AUDIOSES.DLL

dbghelp: loaded successfully - version: 4.0.5 - missing functions: none
symbol engine: initialized successfully - sym options: 0x614 - pdb path: .;C:\Program Files\NetBeans-12.0\jmonkeyplatform\jdk\bin;C:\WINDOWS\SYSTEM32;C:\WINDOWS\WinSxS\amd64_microsoft.windows.common-controls_6595b64144ccf1df_6.0.19041.1052_none_60b8f8fd71f5e8cb;C:\Program Files\NetBeans-12.0\jmonkeyplatform\jdk\bin\server;C:\Users\te332168\Documents\JMonkeyProjects\ArvenarGL;C:\WINDOWS\System32\DriverStore\FileRepository\igdlh64.inf_amd64_a2d2bce6b74074ef

VM Arguments:
jvm_args: -Dfile.encoding=UTF-8 
java_command: mygame.PlayGame
java_class_path (initial): C:\Program Files\NetBeans-12.0\jmonkeyplatform\jmonkeyplatform\libs\jme3-jogg-3.3.2-stable.jar;C:\Program Files\NetBeans-12.0\jmonkeyplatform\jmonkeyplatform\libs\j-ogg-all-1.0.0.jar;C:\Program Files\NetBeans-12.0\jmonkeyplatform\jmonkeyplatform\libs\jme3-testdata.jar;C:\Program Files\NetBeans-12.0\jmonkeyplatform\jmonkeyplatform\libs\jme3-networking-3.3.2-stable.jar;C:\Program Files\NetBeans-12.0\jmonkeyplatform\jmonkeyplatform\libs\jme3-plugins-3.3.2-stable.jar;C:\Program Files\NetBeans-12.0\jmonkeyplatform\jmonkeyplatform\libs\gson-2.8.1.jar;C:\Program Files\NetBeans-12.0\jmonkeyplatform\jmonkeyplatform\libs\jme3-core-3.3.2-stable.jar;C:\Program Files\NetBeans-12.0\jmonkeyplatform\jmonkeyplatform\libs\jme3-desktop-3.3.2-stable.jar;C:\Program Files\NetBeans-12.0\jmonkeyplatform\jmonkeyplatform\libs\jme3-lwjgl-3.3.2-stable.jar;C:\Program Files\NetBeans-12.0\jmonkeyplatform\jmonkeyplatform\libs\lwjgl-2.9.3.jar;C:\Program Files\NetBeans-12.0\jmonkeyplatform\jmonkeyplatform\libs\jinput-2.0.5.jar;C:\Program Files\NetBeans-12.0\jmonkeyplatform\jmonkeyplatform\libs\jinput-platform-2.0.5-natives-linux.jar;C:\Program Files\NetBeans-12.0\jmonkeyplatform\jmonkeyplatform\libs\jinput-platform-2.0.5-natives-windows.jar;C:\Program Files\NetBeans-12.0\jmonkeyplatform\jmonkeyplatform\libs\jinput-platform-2.0.5-natives-osx.jar;C:\Program Files\NetBeans-12.0\jmonkeyplatform\jmonkeyplatform\libs\jutils-1.0.0.jar;C:\Program Files\NetBeans-12.0\jmonkeyplatform\jmonkeyplatform\libs\lwjgl-platform-2.9.3-natives-windows.jar;C:\Program Files\NetBeans-12.0\jmonkeyplatform\jmonkeyplatform\libs\lwjgl-platform-2.9.3-natives-linux.jar;C:\Program Files\NetBeans-12.0\jmonkeyplatform\jmonkeyplatform\libs\lwjgl-platform-2.9.3-natives-osx.jar;C:\Program Files\NetBeans-12.0\jmonkeyplatform\jmonkeyplatform\libs\jme3-effects-3.3.2-stable.jar;C:\Program Files\NetBeans-12.0\jmonkeyplatform\jmonkeyplatform\libs\jme3-terrain-3.3.2-stable.jar;C:\Program Files\NetBeans-12.0\jmonk
Launcher Type: SUN_STANDARD

[Global flags]
     intx CICompilerCount                          = 3                                         {product} {ergonomic}
     uint ConcGCThreads                            = 1                                         {product} {ergonomic}
     uint G1ConcRefinementThreads                  = 4                                         {product} {ergonomic}
   size_t G1HeapRegionSize                         = 1048576                                   {product} {ergonomic}
    uintx GCDrainStackTargetSize                   = 64                                        {product} {ergonomic}
   size_t InitialHeapSize                          = 268435456                                 {product} {ergonomic}
   size_t MarkStackSize                            = 4194304                                   {product} {ergonomic}
   size_t MaxHeapSize                              = 4263510016                                {product} {ergonomic}
   size_t MaxNewSize                               = 2557476864                                {product} {ergonomic}
   size_t MinHeapDeltaBytes                        = 1048576                                   {product} {ergonomic}
    uintx NonNMethodCodeHeapSize                   = 5830732                                {pd product} {ergonomic}
    uintx NonProfiledCodeHeapSize                  = 122913754                              {pd product} {ergonomic}
    uintx ProfiledCodeHeapSize                     = 122913754                              {pd product} {ergonomic}
    uintx ReservedCodeCacheSize                    = 251658240                              {pd product} {ergonomic}
     bool SegmentedCodeCache                       = true                                      {product} {ergonomic}
     bool UseCompressedClassPointers               = true                                 {lp64_product} {ergonomic}
     bool UseCompressedOops                        = true                                 {lp64_product} {ergonomic}
     bool UseG1GC                                  = true                                      {product} {ergonomic}
     bool UseLargePagesIndividualAllocation        = false                                  {pd product} {ergonomic}

Logging:
Log output configuration:
 #0: stdout all=warning uptime,level,tags
 #1: stderr all=off uptime,level,tags

Environment Variables:
JAVA_HOME=c:\Program Files\Java\jdk-11\bin\
PATH=C:\WINDOWS\system32;C:\WINDOWS;C:\WINDOWS\System32\Wbem;C:\WINDOWS\System32\WindowsPowerShell\v1.0\;C:\Program Files\Intel\WiFi\bin\;C:\Program Files\Common Files\Intel\WirelessCommon\;C:\WINDOWS\System32\OpenSSH\;C:\Program Files (x86)\HP\IdrsOCR_15.2.10.1114\;c:\Program Files\Java\jdk-11\bin\;C:\Program Files (x86)\Intel\Intel(R) Management Engine Components\DAL;C:\Program Files\Intel\Intel(R) Management Engine Components\DAL;C:\Users\te332168\AppData\Local\Microsoft\WindowsApps;
USERNAME=TE332168
OS=Windows_NT
PROCESSOR_IDENTIFIER=Intel64 Family 6 Model 142 Stepping 9, GenuineIntel



---------------  S Y S T E M  ---------------

OS: Windows 10 , 64 bit Build 19041 (10.0.19041.1023)

CPU:total 4 (initial active 4) (2 cores per cpu, 2 threads per core) family 6 model 142 stepping 9, cmov, cx8, fxsr, mmx, sse, sse2, sse3, ssse3, sse4.1, sse4.2, popcnt, avx, avx2, aes, clmul, erms, rtm, 3dnowpref, lzcnt, ht, tsc, tscinvbit, bmi1, bmi2, adx, fma

Memory: 4k page, system-wide physical 16263M (9064M free)
TotalPageFile size 20359M (AvailPageFile size 10877M)
current process WorkingSet (physical memory assigned to process): 121M, peak: 121M
current process commit charge ("private bytes"): 132M, peak: 377M

vm_info: OpenJDK 64-Bit Server VM (11.0.6+10) for windows-amd64 JRE (11.0.6+10), built on Jan 15 2020 06:14:58 by "" with MS VC++ 15.8 (VS2017)

END.
